#
# A fatal error has been detected by the Java Runtime Environment:
#
#  SIGSEGV (0xb) at pc=0x000000010cc9dcac, pid=698, tid=0x0000000000005303
#
# JRE version: OpenJDK Runtime Environment (8.0_152-b01) (build 1.8.0_152-release-1248-b01)
# Java VM: OpenJDK 64-Bit Server VM (25.152-b01 mixed mode bsd-amd64 compressed oops)
# Problematic frame:
# V  [libjvm.dylib+0x29dcac]  void PSParallelCompact::mark_and_push<unsigned int>(ParCompactionManager*, unsigned int*)+0x50
#
# Failed to write core dump. Core dumps have been disabled. To enable core dumping, try "ulimit -c unlimited" before starting Java again
#
# If you would like to submit a bug report, please visit:
#   http://bugreport.java.com/bugreport/crash.jsp
#

---------------  T H R E A D  ---------------

Current thread (0x00007fd170806000):  GCTaskThread [stack: 0x000070000edb5000,0x000070000eeb5000] [id=21251]

siginfo: si_signo: 11 (SIGSEGV), si_code: 0 (unknown), si_addr: 0x0000000000000000

Registers:
RAX=0x000000010ddee000, RBX=0x0000000000200000, RCX=0x007ffffffc501000, RDX=0x1fffffff14040000
RSP=0x000070000eeb4c00, RBP=0x000070000eeb4c20, RSI=0x00000007b1a02a74, RDI=0x00007fd16ec0ed00
R8 =0x0000000000000a34, R9 =0x000000010d22752b, R10=0x000000010f5ee000, R11=0x0000000000020001
R12=0x000000000000000a, R13=0x000000000000000a, R14=0x00007fd16ec0ed00, R15=0x00007fd16ec0ed00
RIP=0x000000010cc9dcac, EFLAGS=0x0000000000010206, ERR=0x0000000000000000
  TRAPNO=0x000000000000000d

Top of Stack: (sp=0x000070000eeb4c00)
0x000070000eeb4c00:   00000000000007f9 00000007b1a02a74
0x000070000eeb4c10:   00000007b1a02a88 00007fd16ec0ed00
0x000070000eeb4c20:   000070000eeb4c90 000000010ce4d4c2
0x000070000eeb4c30:   00000007b1a02a50 00000007b1a02a50
0x000070000eeb4c40:   0000000000000000 000000010cc9dbfb
0x000070000eeb4c50:   00007fd16ec0ed00 0000000000000000
0x000070000eeb4c60:   00000007c0017478 000000010d22bdb0
0x000070000eeb4c70:   000000010d22752b 000000010d227529
0x000070000eeb4c80:   000000010d227529 00007fd16ec0ed00
0x000070000eeb4c90:   000070000eeb4d40 000000010ce9446f
0x000070000eeb4ca0:   00000000000007c1 00007fd16ec0ed40
0x000070000eeb4cb0:   00000007b1a02a50 00007fd16ec0ed08
0x000070000eeb4cc0:   000070000eeb4cf0 000000010cc9dd69
0x000070000eeb4cd0:   00007fd16ec0ed88 00000007b199612c
0x000070000eeb4ce0:   00000007b1996130 00007fd16ec0edc0
0x000070000eeb4cf0:   00000b98000007c0 000000010cc9dbfb
0x000070000eeb4d00:   000070000eeb4d40 0000000760004b38
0x000070000eeb4d10:   00000007c07427a8 000070000eeb4d70
0x000070000eeb4d20:   000070000eeb4da0 00007fd16ec0ed00
0x000070000eeb4d30:   000000010d22c700 0000000000000002
0x000070000eeb4d40:   000070000eeb4de0 000000010ce85cb3
0x000070000eeb4d50:   00007fd100000000 00007fd172238120
0x000070000eeb4d60:   00000007b0a88020 0000000100000200
0x000070000eeb4d70:   00000007b19960f8 00000007b0a88020
0x000070000eeb4d80:   00007fd16ec0edc0 00000007601e6e38
0x000070000eeb4d90:   000070000eeb4db0 000000010cc5e63c
0x000070000eeb4da0:   0000000234855868 00007fd171104940
0x000070000eeb4db0:   0000700000000400 00007fd170806000
0x000070000eeb4dc0:   00007fd172238120 000000010cfd641f
0x000070000eeb4dd0:   0000000000000000 0000000000000001
0x000070000eeb4de0:   000070000eeb4ec0 000000010cc5f488
0x000070000eeb4df0:   00007fd16ec05a00 00007fd170806000 

Instructions: (pc=0x000000010cc9dcac)
0x000000010cc9dc8c:   89 da 48 2b 10 48 c1 ea 03 48 8d 0d 4c 54 56 00
0x000000010cc9dc9c:   8a 09 48 d3 ea 48 8b 40 30 48 89 d1 48 c1 e9 06
0x000000010cc9dcac:   48 8b 04 c8 48 0f a3 d0 0f 82 0d 01 00 00 48 8d
0x000000010cc9dcbc:   05 68 98 58 00 8a 10 84 d2 74 15 48 8d 05 42 88 

Register to memory mapping:

RAX=0x000000010ddee000 is an unknown value
RBX=0x0000000000200000 is an unknown value
RCX=0x007ffffffc501000 is an unknown value
RDX=0x1fffffff14040000 is an unknown value
RSP=0x000070000eeb4c00 is an unknown value
RBP=0x000070000eeb4c20 is an unknown value
RSI=0x00000007b1a02a74 is an unknown value
RDI=0x00007fd16ec0ed00 is an unknown value
R8 =0x0000000000000a34 is an unknown value
R9 =0x000000010d22752b: AssumeMP+0 in /Applications/Android Studio.app/Contents/jre/jdk/Contents/Home/jre/lib/server/libjvm.dylib at 0x000000010ca00000
R10=0x000000010f5ee000 is an unknown value
R11=0x0000000000020001 is an unknown value
R12=0x000000000000000a is an unknown value
R13=0x000000000000000a is an unknown value
R14=0x00007fd16ec0ed00 is an unknown value
R15=0x00007fd16ec0ed00 is an unknown value


Stack: [0x000070000edb5000,0x000070000eeb5000],  sp=0x000070000eeb4c00,  free space=1023k
Native frames: (J=compiled Java code, j=interpreted, Vv=VM code, C=native code)
V  [libjvm.dylib+0x29dcac]  void PSParallelCompact::mark_and_push<unsigned int>(ParCompactionManager*, unsigned int*)+0x50
V  [libjvm.dylib+0x44d4c2]  ObjArrayKlass::oop_follow_contents(ParCompactionManager*, oopDesc*)+0x98
V  [libjvm.dylib+0x49446f]  ParCompactionManager::follow_marking_stacks()+0x16b
V  [libjvm.dylib+0x485cb3]  StealMarkingTask::do_it(GCTaskManager*, unsigned int)+0x223
V  [libjvm.dylib+0x25f488]  GCTaskThread::run()+0x130
V  [libjvm.dylib+0x45fb8d]  java_start(Thread*)+0xfa
C  [libsystem_pthread.dylib+0x3305]  _pthread_body+0x7e
C  [libsystem_pthread.dylib+0x626f]  _pthread_start+0x46
C  [libsystem_pthread.dylib+0x2415]  thread_start+0xd


---------------  P R O C E S S  ---------------

Java Threads: ( => current thread )
  0x00007fd177182800 JavaThread "Cache worker for file content cache (/Users/albert/Downloads/myProject/PumpIt/.gradle/4.10.1/fileContent)" [_thread_blocked, id=37123, stack(0x0000700011833000,0x0000700011933000)]
  0x00007fd175aa0800 JavaThread "Cache worker for file content cache (/Users/albert/.gradle/caches/4.10.1/fileContent)" [_thread_blocked, id=28163, stack(0x0000700011730000,0x0000700011830000)]
  0x00007fd174496800 JavaThread "Memory manager" [_thread_blocked, id=3335, stack(0x000070001162d000,0x000070001172d000)]
  0x00007fd174d8b800 JavaThread "pool-1-thread-1" [_thread_blocked, id=37635, stack(0x000070001152a000,0x000070001162a000)]
  0x00007fd171d02800 JavaThread "Build operations Thread 8" [_thread_blocked, id=27651, stack(0x0000700011427000,0x0000700011527000)]
  0x00007fd174d73800 JavaThread "Build operations Thread 7" [_thread_blocked, id=27395, stack(0x0000700011324000,0x0000700011424000)]
  0x00007fd17321b000 JavaThread "Build operations Thread 6" [_thread_blocked, id=26883, stack(0x0000700011221000,0x0000700011321000)]
  0x00007fd176248000 JavaThread "Build operations Thread 5" [_thread_blocked, id=26627, stack(0x000070001111e000,0x000070001121e000)]
  0x00007fd174d72800 JavaThread "Build operations Thread 4" [_thread_blocked, id=38659, stack(0x000070001101b000,0x000070001111b000)]
  0x00007fd174d72000 JavaThread "Build operations Thread 3" [_thread_blocked, id=26115, stack(0x0000700010f18000,0x0000700011018000)]
  0x00007fd174d6f800 JavaThread "Build operations Thread 2" [_thread_blocked, id=25603, stack(0x0000700010e15000,0x0000700010f15000)]
  0x00007fd174d6c800 JavaThread "Build operations" [_thread_blocked, id=39171, stack(0x0000700010d12000,0x0000700010e12000)]
  0x00007fd175ec4800 JavaThread "Cache worker for Artifact transforms cache (/Users/albert/.gradle/caches/transforms-1)" [_thread_blocked, id=39683, stack(0x0000700010c0f000,0x0000700010d0f000)]
  0x00007fd171d64800 JavaThread "Cache worker for cache directory md-rule (/Users/albert/.gradle/caches/4.10.1/md-rule)" [_thread_blocked, id=39939, stack(0x0000700010b0c000,0x0000700010c0c000)]
  0x00007fd175ec3800 JavaThread "Cache worker for cache directory md-supplier (/Users/albert/.gradle/caches/4.10.1/md-supplier)" [_thread_blocked, id=24835, stack(0x0000700010a09000,0x0000700010b09000)]
  0x00007fd16f574800 JavaThread "Cache worker for journal cache (/Users/albert/.gradle/caches/journal-1)" [_thread_blocked, id=24323, stack(0x0000700010906000,0x0000700010a06000)]
  0x00007fd171c29000 JavaThread "Cache worker for file hash cache (/Users/albert/Downloads/myProject/PumpIt/.gradle/4.10.1/fileHashes)" [_thread_blocked, id=40451, stack(0x0000700010803000,0x0000700010903000)]
  0x00007fd170d4c000 JavaThread "File lock request listener" [_thread_in_native, id=23811, stack(0x0000700010700000,0x0000700010800000)]
  0x00007fd16f59a800 JavaThread "Cache worker for file hash cache (/Users/albert/.gradle/caches/4.10.1/fileHashes)" [_thread_blocked, id=41219, stack(0x00007000105fd000,0x00007000106fd000)]
  0x00007fd171c19800 JavaThread "Stdin handler" [_thread_blocked, id=41731, stack(0x00007000104fa000,0x00007000105fa000)]
  0x00007fd171c18000 JavaThread "Asynchronous log dispatcher for DefaultDaemonConnection: socket connection from /127.0.0.1:49492 to /127.0.0.1:49493" [_thread_blocked, id=23555, stack(0x00007000103f7000,0x00007000104f7000)]
  0x00007fd16fbb6000 JavaThread "Daemon worker" [_thread_blocked, id=42499, stack(0x00007000102f4000,0x00007000103f4000)]
  0x00007fd170d12800 JavaThread "Cancel handler" [_thread_blocked, id=23299, stack(0x00007000101f1000,0x00007000102f1000)]
  0x00007fd16f56a800 JavaThread "Handler for socket connection from /127.0.0.1:49492 to /127.0.0.1:49493" [_thread_in_native, id=22787, stack(0x00007000100ee000,0x00007000101ee000)]
  0x00007fd16f56e000 JavaThread "Daemon" [_thread_blocked, id=43011, stack(0x000070000ffeb000,0x00007000100eb000)]
  0x00007fd16fbb2800 JavaThread "Daemon periodic checks" [_thread_blocked, id=22275, stack(0x000070000fee8000,0x000070000ffe8000)]
  0x00007fd171baf000 JavaThread "Incoming local TCP Connector on port 49492" [_thread_in_native, id=21763, stack(0x000070000fde5000,0x000070000fee5000)]
  0x00007fd170854800 JavaThread "Service Thread" daemon [_thread_blocked, id=16131, stack(0x000070000fbdf000,0x000070000fcdf000)]
  0x00007fd172800000 JavaThread "C1 CompilerThread3" daemon [_thread_blocked, id=16643, stack(0x000070000fadc000,0x000070000fbdc000)]
  0x00007fd171809000 JavaThread "C2 CompilerThread2" daemon [_thread_blocked, id=14851, stack(0x000070000f9d9000,0x000070000fad9000)]
  0x00007fd171800800 JavaThread "C2 CompilerThread1" daemon [_thread_blocked, id=14339, stack(0x000070000f8d6000,0x000070000f9d6000)]
  0x00007fd170855000 JavaThread "C2 CompilerThread0" daemon [_thread_blocked, id=17155, stack(0x000070000f7d3000,0x000070000f8d3000)]
  0x00007fd170853800 JavaThread "Signal Dispatcher" daemon [_thread_blocked, id=17411, stack(0x000070000f6d0000,0x000070000f7d0000)]
  0x00007fd16f807000 JavaThread "Finalizer" daemon [_thread_blocked, id=12547, stack(0x000070000f5cd000,0x000070000f6cd000)]
  0x00007fd16f806000 JavaThread "Reference Handler" daemon [_thread_blocked, id=19203, stack(0x000070000f4ca000,0x000070000f5ca000)]
  0x00007fd170002800 JavaThread "main" [_thread_blocked, id=6147, stack(0x000070000eaac000,0x000070000ebac000)]

Other Threads:
  0x00007fd170837000 VMThread [stack: 0x000070000f3c7000,0x000070000f4c7000] [id=19715]
  0x00007fd173000000 WatcherThread [stack: 0x000070000fce2000,0x000070000fde2000] [id=15363]

=>0x00007fd170806000 (exited) GCTaskThread [stack: 0x000070000edb5000,0x000070000eeb5000] [id=21251]

VM state:at safepoint (normal execution)

VM Mutex/Monitor currently owned by a thread:  ([mutex/lock_event])
[0x00007fd16ec03ad0] Threads_lock - owner thread: 0x00007fd170837000
[0x00007fd16ec03fd0] Heap_lock - owner thread: 0x00007fd16fbb6000

Heap:
 PSYoungGen      total 292864K, used 19947K [0x00000007a0000000, 0x00000007ba080000, 0x00000007c0000000)
  eden space 272896K, 0% used [0x00000007a0000000,0x00000007a0000000,0x00000007b0a80000)
  from space 19968K, 99% used [0x00000007b0a80000,0x00000007b1dfad80,0x00000007b1e00000)
  to   space 25088K, 0% used [0x00000007b8800000,0x00000007b8800000,0x00000007ba080000)
 ParOldGen       total 176640K, used 31942K [0x0000000760000000, 0x000000076ac80000, 0x00000007a0000000)
  object space 176640K, 18% used [0x0000000760000000,0x0000000761f31ad8,0x000000076ac80000)
 Metaspace       used 57480K, capacity 58976K, committed 59160K, reserved 1099776K
  class space    used 7810K, capacity 8210K, committed 8240K, reserved 1048576K

Card table byte_map: [0x000000010d8ed000,0x000000010dbee000] byte_map_base: 0x0000000109ded000

Marking Bits: (ParMarkBitMap*) 0x000000010d22c8f8
 Begin Bits: [0x000000010ddee000, 0x000000010f5ee000)
 End Bits:   [0x000000010f5ee000, 0x0000000110dee000)

Polling page: 0x000000010b9fb000

CodeCache: size=245760Kb used=17836Kb max_used=17849Kb free=227923Kb
 bounds [0x0000000112c71000, 0x0000000113e01000, 0x0000000121c71000]
 total_blobs=6098 nmethods=5326 adapters=685
 compilation: enabled

Compilation events (10 events):
Event: 7.374 Thread 0x00007fd172800000 nmethod 5982 0x0000000113dcffd0 code [0x0000000113dd01e0, 0x0000000113dd0c18]
Event: 7.374 Thread 0x00007fd172800000 5984       3       org.gradle.internal.logging.progress.DefaultProgressLoggerFactory::newOperation (86 bytes)
Event: 7.374 Thread 0x00007fd171809000 5986       4       java.lang.CharacterDataLatin1::isOtherUppercase (18 bytes)
Event: 7.374 Thread 0x00007fd172800000 nmethod 5984 0x0000000113dcf2d0 code [0x0000000113dcf480, 0x0000000113dcfdf8]
Event: 7.374 Thread 0x00007fd172800000 5985       3       org.gradle.internal.logging.progress.DefaultProgressLoggerFactory$ProgressLoggerImpl::assertCanConfigure (32 bytes)
Event: 7.375 Thread 0x00007fd171809000 nmethod 5986 0x0000000113dcc390 code [0x0000000113dcc4e0, 0x0000000113dcc578]
Event: 7.375 Thread 0x00007fd171809000 5987       4       java.util.LinkedHashMap$LinkedValueIterator::next (8 bytes)
Event: 7.375 Thread 0x00007fd172800000 nmethod 5985 0x0000000113dcdb50 code [0x0000000113dcdda0, 0x0000000113dcead8]
Event: 7.375 Thread 0x00007fd172800000 5983       1       com.google.common.collect.EmptyImmutableSet::size (2 bytes)
Event: 7.375 Thread 0x00007fd172800000 nmethod 5983 0x0000000113dcd890 code [0x0000000113dcd9e0, 0x0000000113dcdaf0]

GC Heap History (10 events):
Event: 2.915 GC heap after
Heap after GC invocations=5 (full 1):
 PSYoungGen      total 203264K, used 10742K [0x00000007a0000000, 0x00000007b1500000, 0x00000007c0000000)
  eden space 192512K, 0% used [0x00000007a0000000,0x00000007a0000000,0x00000007abc00000)
  from space 10752K, 99% used [0x00000007b0a80000,0x00000007b14fd848,0x00000007b1500000)
  to   space 10752K, 0% used [0x00000007b0000000,0x00000007b0000000,0x00000007b0a80000)
 ParOldGen       total 108544K, used 11233K [0x0000000760000000, 0x0000000766a00000, 0x00000007a0000000)
  object space 108544K, 10% used [0x0000000760000000,0x0000000760af84d0,0x0000000766a00000)
 Metaspace       used 30096K, capacity 30522K, committed 30768K, reserved 1075200K
  class space    used 4186K, capacity 4358K, committed 4400K, reserved 1048576K
}
Event: 3.591 GC heap before
{Heap before GC invocations=6 (full 1):
 PSYoungGen      total 203264K, used 57954K [0x00000007a0000000, 0x00000007b1500000, 0x00000007c0000000)
  eden space 192512K, 24% used [0x00000007a0000000,0x00000007a2e1b058,0x00000007abc00000)
  from space 10752K, 99% used [0x00000007b0a80000,0x00000007b14fd848,0x00000007b1500000)
  to   space 10752K, 0% used [0x00000007b0000000,0x00000007b0000000,0x00000007b0a80000)
 ParOldGen       total 108544K, used 11233K [0x0000000760000000, 0x0000000766a00000, 0x00000007a0000000)
  object space 108544K, 10% used [0x0000000760000000,0x0000000760af84d0,0x0000000766a00000)
 Metaspace       used 34797K, capacity 35324K, committed 35496K, reserved 1079296K
  class space    used 4853K, capacity 5064K, committed 5168K, reserved 1048576K
Event: 3.598 GC heap after
Heap after GC invocations=6 (full 1):
 PSYoungGen      total 272896K, used 10645K [0x00000007a0000000, 0x00000007b2b00000, 0x00000007c0000000)
  eden space 262144K, 0% used [0x00000007a0000000,0x00000007a0000000,0x00000007b0000000)
  from space 10752K, 99% used [0x00000007b0000000,0x00000007b0a65688,0x00000007b0a80000)
  to   space 13312K, 0% used [0x00000007b1e00000,0x00000007b1e00000,0x00000007b2b00000)
 ParOldGen       total 108544K, used 11241K [0x0000000760000000, 0x0000000766a00000, 0x00000007a0000000)
  object space 108544K, 10% used [0x0000000760000000,0x0000000760afa4d0,0x0000000766a00000)
 Metaspace       used 34797K, capacity 35324K, committed 35496K, reserved 1079296K
  class space    used 4853K, capacity 5064K, committed 5168K, reserved 1048576K
}
Event: 3.598 GC heap before
{Heap before GC invocations=7 (full 2):
 PSYoungGen      total 272896K, used 10645K [0x00000007a0000000, 0x00000007b2b00000, 0x00000007c0000000)
  eden space 262144K, 0% used [0x00000007a0000000,0x00000007a0000000,0x00000007b0000000)
  from space 10752K, 99% used [0x00000007b0000000,0x00000007b0a65688,0x00000007b0a80000)
  to   space 13312K, 0% used [0x00000007b1e00000,0x00000007b1e00000,0x00000007b2b00000)
 ParOldGen       total 108544K, used 11241K [0x0000000760000000, 0x0000000766a00000, 0x00000007a0000000)
  object space 108544K, 10% used [0x0000000760000000,0x0000000760afa4d0,0x0000000766a00000)
 Metaspace       used 34797K, capacity 35324K, committed 35496K, reserved 1079296K
  class space    used 4853K, capacity 5064K, committed 5168K, reserved 1048576K
Event: 3.636 GC heap after
Heap after GC invocations=7 (full 2):
 PSYoungGen      total 272896K, used 0K [0x00000007a0000000, 0x00000007b2b00000, 0x00000007c0000000)
  eden space 262144K, 0% used [0x00000007a0000000,0x00000007a0000000,0x00000007b0000000)
  from space 10752K, 0% used [0x00000007b0000000,0x00000007b0000000,0x00000007b0a80000)
  to   space 13312K, 0% used [0x00000007b1e00000,0x00000007b1e00000,0x00000007b2b00000)
 ParOldGen       total 176640K, used 17331K [0x0000000760000000, 0x000000076ac80000, 0x00000007a0000000)
  object space 176640K, 9% used [0x0000000760000000,0x00000007610ecf60,0x000000076ac80000)
 Metaspace       used 34797K, capacity 35324K, committed 35496K, reserved 1079296K
  class space    used 4853K, capacity 5064K, committed 5168K, reserved 1048576K
}
Event: 5.737 GC heap before
{Heap before GC invocations=8 (full 2):
 PSYoungGen      total 272896K, used 262144K [0x00000007a0000000, 0x00000007b2b00000, 0x00000007c0000000)
  eden space 262144K, 100% used [0x00000007a0000000,0x00000007b0000000,0x00000007b0000000)
  from space 10752K, 0% used [0x00000007b0000000,0x00000007b0000000,0x00000007b0a80000)
  to   space 13312K, 0% used [0x00000007b1e00000,0x00000007b1e00000,0x00000007b2b00000)
 ParOldGen       total 176640K, used 17331K [0x0000000760000000, 0x000000076ac80000, 0x00000007a0000000)
  object space 176640K, 9% used [0x0000000760000000,0x00000007610ecf60,0x000000076ac80000)
 Metaspace       used 48840K, capacity 49824K, committed 49968K, reserved 1091584K
  class space    used 6563K, capacity 6873K, committed 6960K, reserved 1048576K
Event: 5.752 GC heap after
Heap after GC invocations=8 (full 2):
 PSYoungGen      total 286208K, used 13310K [0x00000007a0000000, 0x00000007b8800000, 0x00000007c0000000)
  eden space 272896K, 0% used [0x00000007a0000000,0x00000007a0000000,0x00000007b0a80000)
  from space 13312K, 99% used [0x00000007b1e00000,0x00000007b2affa98,0x00000007b2b00000)
  to   space 19968K, 0% used [0x00000007b0a80000,0x00000007b0a80000,0x00000007b1e00000)
 ParOldGen       total 176640K, used 26577K [0x0000000760000000, 0x000000076ac80000, 0x00000007a0000000)
  object space 176640K, 15% used [0x0000000760000000,0x00000007619f4768,0x000000076ac80000)
 Metaspace       used 48840K, capacity 49824K, committed 49968K, reserved 1091584K
  class space    used 6563K, capacity 6873K, committed 6960K, reserved 1048576K
}
Event: 7.376 GC heap before
{Heap before GC invocations=9 (full 2):
 PSYoungGen      total 286208K, used 179851K [0x00000007a0000000, 0x00000007b8800000, 0x00000007c0000000)
  eden space 272896K, 61% used [0x00000007a0000000,0x00000007aa2a3240,0x00000007b0a80000)
  from space 13312K, 99% used [0x00000007b1e00000,0x00000007b2affa98,0x00000007b2b00000)
  to   space 19968K, 0% used [0x00000007b0a80000,0x00000007b0a80000,0x00000007b1e00000)
 ParOldGen       total 176640K, used 26577K [0x0000000760000000, 0x000000076ac80000, 0x00000007a0000000)
  object space 176640K, 15% used [0x0000000760000000,0x00000007619f4768,0x000000076ac80000)
 Metaspace       used 57480K, capacity 58976K, committed 59160K, reserved 1099776K
  class space    used 7810K, capacity 8210K, committed 8240K, reserved 1048576K
Event: 7.393 GC heap after
Heap after GC invocations=9 (full 2):
 PSYoungGen      total 292864K, used 19947K [0x00000007a0000000, 0x00000007ba080000, 0x00000007c0000000)
  eden space 272896K, 0% used [0x00000007a0000000,0x00000007a0000000,0x00000007b0a80000)
  from space 19968K, 99% used [0x00000007b0a80000,0x00000007b1dfad80,0x00000007b1e00000)
  to   space 25088K, 0% used [0x00000007b8800000,0x00000007b8800000,0x00000007ba080000)
 ParOldGen       total 176640K, used 31942K [0x0000000760000000, 0x000000076ac80000, 0x00000007a0000000)
  object space 176640K, 18% used [0x0000000760000000,0x0000000761f31ad8,0x000000076ac80000)
 Metaspace       used 57480K, capacity 58976K, committed 59160K, reserved 1099776K
  class space    used 7810K, capacity 8210K, committed 8240K, reserved 1048576K
}
Event: 7.393 GC heap before
{Heap before GC invocations=10 (full 3):
 PSYoungGen      total 292864K, used 19947K [0x00000007a0000000, 0x00000007ba080000, 0x00000007c0000000)
  eden space 272896K, 0% used [0x00000007a0000000,0x00000007a0000000,0x00000007b0a80000)
  from space 19968K, 99% used [0x00000007b0a80000,0x00000007b1dfad80,0x00000007b1e00000)
  to   space 25088K, 0% used [0x00000007b8800000,0x00000007b8800000,0x00000007ba080000)
 ParOldGen       total 176640K, used 31942K [0x0000000760000000, 0x000000076ac80000, 0x00000007a0000000)
  object space 176640K, 18% used [0x0000000760000000,0x0000000761f31ad8,0x000000076ac80000)
 Metaspace       used 57480K, capacity 58976K, committed 59160K, reserved 1099776K
  class space    used 7810K, capacity 8210K, committed 8240K, reserved 1048576K

Deoptimization events (10 events):
Event: 7.136 Thread 0x00007fd16fbb6000 Uncommon trap: reason=bimorphic action=maybe_recompile pc=0x00000001130948b8 method=java.util.regex.Pattern$Slice.match(Ljava/util/regex/Matcher;ILjava/lang/CharSequence;)Z @ 75
Event: 7.140 Thread 0x00007fd16fbb6000 Uncommon trap: reason=bimorphic action=maybe_recompile pc=0x00000001130935f4 method=java.util.regex.Pattern$Slice.match(Ljava/util/regex/Matcher;ILjava/lang/CharSequence;)Z @ 75
Event: 7.151 Thread 0x00007fd16fbb6000 Uncommon trap: reason=class_check action=maybe_recompile pc=0x0000000113c52d98 method=com.sun.org.apache.xerces.internal.impl.XMLEntityScanner.invokeListeners(I)V @ 21
Event: 7.151 Thread 0x00007fd16fbb6000 Uncommon trap: reason=class_check action=maybe_recompile pc=0x0000000113c06dfc method=com.sun.org.apache.xerces.internal.impl.XMLEntityScanner.invokeListeners(I)V @ 21
Event: 7.151 Thread 0x00007fd16fbb6000 Uncommon trap: reason=class_check action=maybe_recompile pc=0x0000000113c52d98 method=com.sun.org.apache.xerces.internal.impl.XMLEntityScanner.invokeListeners(I)V @ 21
Event: 7.151 Thread 0x00007fd16fbb6000 Uncommon trap: reason=class_check action=maybe_recompile pc=0x000000011382d738 method=com.sun.org.apache.xerces.internal.impl.XMLDocumentFragmentScannerImpl$FragmentContentDriver.next()I @ 1410
Event: 7.157 Thread 0x00007fd16fbb6000 Uncommon trap: reason=class_check action=maybe_recompile pc=0x000000011372fbb4 method=java.io.ObjectOutputStream$BlockDataOutputStream.drain()V @ 36
Event: 7.157 Thread 0x00007fd16fbb6000 Uncommon trap: reason=unstable_if action=reinterpret pc=0x000000011372fc6c method=java.io.ObjectOutputStream$BlockDataOutputStream.drain()V @ 12
Event: 7.160 Thread 0x00007fd16fbb6000 Uncommon trap: reason=class_check action=maybe_recompile pc=0x0000000113c06dfc method=com.sun.org.apache.xerces.internal.impl.XMLEntityScanner.invokeListeners(I)V @ 21
Event: 7.161 Thread 0x00007fd16fbb6000 Uncommon trap: reason=class_check action=maybe_recompile pc=0x000000011382d738 method=com.sun.org.apache.xerces.internal.impl.XMLDocumentFragmentScannerImpl$FragmentContentDriver.next()I @ 1410

Classes redefined (0 events):
No events

Internal exceptions (10 events):
Event: 7.182 Thread 0x00007fd16fbb6000 Exception <a 'java/lang/ClassNotFoundException': com/google/android/gms/dependencies/DependencyInspectorBeanInfo> (0x00000007a8deabb8) thrown at [/Volumes/android/AOSP-openjdk-git/jdk8u/hotspot/src/share/vm/classfile/systemDictionary.cpp, line 210]
Event: 7.182 Thread 0x00007fd16fbb6000 Exception <a 'java/lang/ClassNotFoundException': com/google/android/gms/dependencies/DependencyInspectorCustomizer> (0x00000007a8e06088) thrown at [/Volumes/android/AOSP-openjdk-git/jdk8u/hotspot/src/share/vm/classfile/systemDictionary.cpp, line 210]
Event: 7.184 Thread 0x00007fd16fbb6000 Exception <a 'java/lang/ClassNotFoundException': org/gradle/invocation/DefaultGradle_DecoratedBeanInfo> (0x00000007a8e59810) thrown at [/Volumes/android/AOSP-openjdk-git/jdk8u/hotspot/src/share/vm/classfile/systemDictionary.cpp, line 210]
Event: 7.184 Thread 0x00007fd16fbb6000 Exception <a 'java/lang/ClassNotFoundException': org/gradle/invocation/DefaultGradleBeanInfo> (0x00000007a8e6d0c0) thrown at [/Volumes/android/AOSP-openjdk-git/jdk8u/hotspot/src/share/vm/classfile/systemDictionary.cpp, line 210]
Event: 7.184 Thread 0x00007fd16fbb6000 Exception <a 'java/lang/ClassNotFoundException': org/gradle/invocation/DefaultGradleCustomizer> (0x00000007a8e81078) thrown at [/Volumes/android/AOSP-openjdk-git/jdk8u/hotspot/src/share/vm/classfile/systemDictionary.cpp, line 210]
Event: 7.185 Thread 0x00007fd16fbb6000 Exception <a 'java/lang/ClassNotFoundException': org/gradle/invocation/DefaultGradle_DecoratedCustomizer> (0x00000007a8ed9440) thrown at [/Volumes/android/AOSP-openjdk-git/jdk8u/hotspot/src/share/vm/classfile/systemDictionary.cpp, line 210]
Event: 7.247 Thread 0x00007fd16fbb6000 Exception <a 'java/lang/NoSuchMethodError': java.lang.Object.lambda$static$0(Ljava/util/Set;Ljava/util/Set;)Z> (0x00000007a947e1d8) thrown at [/Volumes/android/AOSP-openjdk-git/jdk8u/hotspot/src/share/vm/interpreter/linkResolver.cpp, line 584]
Event: 7.247 Thread 0x00007fd16fbb6000 Exception <a 'java/lang/NoSuchMethodError': java.lang.Object.lambda$static$1(Ljava/util/Set;Ljava/util/Set;)Z> (0x00000007a9480f60) thrown at [/Volumes/android/AOSP-openjdk-git/jdk8u/hotspot/src/share/vm/interpreter/linkResolver.cpp, line 584]
Event: 7.247 Thread 0x00007fd16fbb6000 Exception <a 'java/lang/NoSuchMethodError': java.lang.Object.lambda$static$2(Ljava/util/Set;Ljava/util/Set;)Z> (0x00000007a94838b8) thrown at [/Volumes/android/AOSP-openjdk-git/jdk8u/hotspot/src/share/vm/interpreter/linkResolver.cpp, line 584]
Event: 7.248 Thread 0x00007fd16fbb6000 Exception <a 'java/lang/NoSuchMethodError': java.lang.Object.lambda$static$3(Ljava/util/Set;Ljava/util/Set;)Z> (0x00000007a9486210) thrown at [/Volumes/android/AOSP-openjdk-git/jdk8u/hotspot/src/share/vm/interpreter/linkResolver.cpp, line 584]

Events (10 events):
Event: 7.371 loading class com/android/build/gradle/internal/res/Aapt2MavenUtils$getArtifactCollection$1 done
Event: 7.372 loading class com/android/build/gradle/internal/res/Aapt2MavenUtils$getArtifactCollection$1$1
Event: 7.372 loading class com/android/build/gradle/internal/res/Aapt2MavenUtils$getArtifactCollection$1$1 done
Event: 7.372 loading class com/android/build/gradle/internal/core/GradleVariantConfiguration
Event: 7.372 loading class com/android/build/gradle/internal/core/GradleVariantConfiguration done
Event: 7.373 loading class com/android/build/gradle/internal/core/GradleVariantConfiguration
Event: 7.373 loading class com/android/build/gradle/internal/core/GradleVariantConfiguration done
Event: 7.375 Executing VM operation: ForceSafepoint
Event: 7.375 Executing VM operation: ForceSafepoint done
Event: 7.375 Executing VM operation: CollectForMetadataAllocation


Dynamic libraries:
0x000000000a8c7000 	/System/Library/Frameworks/Cocoa.framework/Versions/A/Cocoa
0x000000000a8c7000 	/System/Library/Frameworks/Security.framework/Versions/A/Security
0x000000000a8c7000 	/System/Library/Frameworks/ApplicationServices.framework/Versions/A/ApplicationServices
0x000000000a8c7000 	/usr/lib/libz.1.dylib
0x000000000a8c7000 	/usr/lib/libSystem.B.dylib
0x000000000a8c7000 	/System/Library/Frameworks/CoreFoundation.framework/Versions/A/CoreFoundation
0x000000000a8c7000 	/System/Library/Frameworks/Foundation.framework/Versions/C/Foundation
0x000000000a8c7000 	/usr/lib/libobjc.A.dylib
0x000000000a8c7000 	/System/Library/Frameworks/AppKit.framework/Versions/C/AppKit
0x000000000a8c7000 	/System/Library/Frameworks/CoreData.framework/Versions/A/CoreData
0x000000000a8c7000 	/System/Library/PrivateFrameworks/RemoteViewServices.framework/Versions/A/RemoteViewServices
0x000000000a8c7000 	/System/Library/PrivateFrameworks/UIFoundation.framework/Versions/A/UIFoundation
0x000000000a8c7000 	/System/Library/PrivateFrameworks/XCTTargetBootstrap.framework/Versions/A/XCTTargetBootstrap
0x000000000a8c7000 	/System/Library/PrivateFrameworks/IconServices.framework/Versions/A/IconServices
0x000000000a8c7000 	/System/Library/Frameworks/Metal.framework/Versions/A/Metal
0x000000000a8c7000 	/System/Library/PrivateFrameworks/DesktopServicesPriv.framework/Versions/A/DesktopServicesPriv
0x000000000a8c7000 	/usr/lib/libenergytrace.dylib
0x000000000a8c7000 	/System/Library/PrivateFrameworks/SkyLight.framework/Versions/A/SkyLight
0x000000000a8c7000 	/System/Library/Frameworks/CoreGraphics.framework/Versions/A/CoreGraphics
0x000000000a8c7000 	/System/Library/Frameworks/Accelerate.framework/Versions/A/Accelerate
0x000000000a8c7000 	/System/Library/Frameworks/IOSurface.framework/Versions/A/IOSurface
0x000000000a8c7000 	/System/Library/PrivateFrameworks/DFRFoundation.framework/Versions/A/DFRFoundation
0x000000000a8c7000 	/System/Library/Frameworks/AudioToolbox.framework/Versions/A/AudioToolbox
0x000000000a8c7000 	/System/Library/Frameworks/AudioUnit.framework/Versions/A/AudioUnit
0x000000000a8c7000 	/System/Library/PrivateFrameworks/DataDetectorsCore.framework/Versions/A/DataDetectorsCore
0x000000000a8c7000 	/System/Library/Frameworks/Carbon.framework/Versions/A/Frameworks/HIToolbox.framework/Versions/A/HIToolbox
0x000000000a8c7000 	/usr/lib/libicucore.A.dylib
0x000000000a8c7000 	/System/Library/Frameworks/QuartzCore.framework/Versions/A/QuartzCore
0x000000000a8c7000 	/System/Library/Frameworks/Carbon.framework/Versions/A/Frameworks/SpeechRecognition.framework/Versions/A/SpeechRecognition
0x000000000a8c7000 	/usr/lib/libauto.dylib
0x000000000a8c7000 	/usr/lib/libxml2.2.dylib
0x000000000a8c7000 	/System/Library/PrivateFrameworks/CoreUI.framework/Versions/A/CoreUI
0x000000000a8c7000 	/System/Library/Frameworks/CoreAudio.framework/Versions/A/CoreAudio
0x000000000a8c7000 	/System/Library/Frameworks/DiskArbitration.framework/Versions/A/DiskArbitration
0x000000000a8c7000 	/usr/lib/liblangid.dylib
0x000000000a8c7000 	/System/Library/PrivateFrameworks/MultitouchSupport.framework/Versions/A/MultitouchSupport
0x000000000a8c7000 	/System/Library/Frameworks/IOKit.framework/Versions/A/IOKit
0x000000000a8c7000 	/usr/lib/libDiagnosticMessagesClient.dylib
0x000000000a8c7000 	/System/Library/Frameworks/CoreServices.framework/Versions/A/CoreServices
0x000000000a8c7000 	/System/Library/PrivateFrameworks/PerformanceAnalysis.framework/Versions/A/PerformanceAnalysis
0x000000000a8c7000 	/System/Library/Frameworks/OpenGL.framework/Versions/A/OpenGL
0x000000000a8c7000 	/System/Library/Frameworks/ColorSync.framework/Versions/A/ColorSync
0x000000000a8c7000 	/System/Library/Frameworks/CoreImage.framework/Versions/A/CoreImage
0x000000000a8c7000 	/System/Library/Frameworks/CoreText.framework/Versions/A/CoreText
0x000000000a8c7000 	/System/Library/Frameworks/ImageIO.framework/Versions/A/ImageIO
0x000000000a8c7000 	/System/Library/PrivateFrameworks/Backup.framework/Versions/A/Backup
0x000000000a8c7000 	/usr/lib/libarchive.2.dylib
0x000000000a8c7000 	/System/Library/Frameworks/CFNetwork.framework/Versions/A/CFNetwork
0x000000000a8c7000 	/System/Library/Frameworks/SystemConfiguration.framework/Versions/A/SystemConfiguration
0x000000000a8c7000 	/usr/lib/libCRFSuite.dylib
0x000000000a8c7000 	/usr/lib/libc++.1.dylib
0x000000000a8c7000 	/usr/lib/libc++abi.dylib
0x000000000a8c7000 	/usr/lib/system/libcache.dylib
0x000000000a8c7000 	/usr/lib/system/libcommonCrypto.dylib
0x000000000a8c7000 	/usr/lib/system/libcompiler_rt.dylib
0x000000000a8c7000 	/usr/lib/system/libcopyfile.dylib
0x000000000a8c7000 	/usr/lib/system/libcorecrypto.dylib
0x000000000a8c7000 	/usr/lib/system/libdispatch.dylib
0x000000000a8c7000 	/usr/lib/system/libdyld.dylib
0x000000000a8c7000 	/usr/lib/system/libkeymgr.dylib
0x000000000a8c7000 	/usr/lib/system/liblaunch.dylib
0x000000000a8c7000 	/usr/lib/system/libmacho.dylib
0x000000000a8c7000 	/usr/lib/system/libquarantine.dylib
0x000000000a8c7000 	/usr/lib/system/libremovefile.dylib
0x000000000a8c7000 	/usr/lib/system/libsystem_asl.dylib
0x000000000a8c7000 	/usr/lib/system/libsystem_blocks.dylib
0x000000000a8c7000 	/usr/lib/system/libsystem_c.dylib
0x000000000a8c7000 	/usr/lib/system/libsystem_configuration.dylib
0x000000000a8c7000 	/usr/lib/system/libsystem_coreservices.dylib
0x000000000a8c7000 	/usr/lib/system/libsystem_darwin.dylib
0x000000000a8c7000 	/usr/lib/system/libsystem_dnssd.dylib
0x000000000a8c7000 	/usr/lib/system/libsystem_info.dylib
0x000000000a8c7000 	/usr/lib/system/libsystem_m.dylib
0x000000000a8c7000 	/usr/lib/system/libsystem_malloc.dylib
0x000000000a8c7000 	/usr/lib/system/libsystem_networkextension.dylib
0x000000000a8c7000 	/usr/lib/system/libsystem_notify.dylib
0x000000000a8c7000 	/usr/lib/system/libsystem_sandbox.dylib
0x000000000a8c7000 	/usr/lib/system/libsystem_secinit.dylib
0x000000000a8c7000 	/usr/lib/system/libsystem_kernel.dylib
0x000000000a8c7000 	/usr/lib/system/libsystem_platform.dylib
0x000000000a8c7000 	/usr/lib/system/libsystem_pthread.dylib
0x000000000a8c7000 	/usr/lib/system/libsystem_symptoms.dylib
0x000000000a8c7000 	/usr/lib/system/libsystem_trace.dylib
0x000000000a8c7000 	/usr/lib/system/libunwind.dylib
0x000000000a8c7000 	/usr/lib/system/libxpc.dylib
0x000000000a8c7000 	/usr/lib/libbsm.0.dylib
0x000000000a8c7000 	/usr/lib/system/libkxld.dylib
0x000000000a8c7000 	/System/Library/PrivateFrameworks/AppleFSCompression.framework/Versions/A/AppleFSCompression
0x000000000a8c7000 	/usr/lib/libOpenScriptingUtil.dylib
0x000000000a8c7000 	/usr/lib/libcoretls.dylib
0x000000000a8c7000 	/usr/lib/libcoretls_cfhelpers.dylib
0x000000000a8c7000 	/usr/lib/libpam.2.dylib
0x000000000a8c7000 	/usr/lib/libsqlite3.dylib
0x000000000a8c7000 	/usr/lib/libxar.1.dylib
0x000000000a8c7000 	/usr/lib/libbz2.1.0.dylib
0x000000000a8c7000 	/usr/lib/liblzma.5.dylib
0x000000000a8c7000 	/usr/lib/libnetwork.dylib
0x000000000a8c7000 	/usr/lib/libapple_nghttp2.dylib
0x000000000a8c7000 	/usr/lib/libpcap.A.dylib
0x000000000a8c7000 	/System/Library/Frameworks/CoreServices.framework/Versions/A/Frameworks/FSEvents.framework/Versions/A/FSEvents
0x000000000a8c7000 	/System/Library/Frameworks/CoreServices.framework/Versions/A/Frameworks/CarbonCore.framework/Versions/A/CarbonCore
0x000000000a8c7000 	/System/Library/Frameworks/CoreServices.framework/Versions/A/Frameworks/Metadata.framework/Versions/A/Metadata
0x000000000a8c7000 	/System/Library/Frameworks/CoreServices.framework/Versions/A/Frameworks/OSServices.framework/Versions/A/OSServices
0x000000000a8c7000 	/System/Library/Frameworks/CoreServices.framework/Versions/A/Frameworks/SearchKit.framework/Versions/A/SearchKit
0x000000000a8c7000 	/System/Library/Frameworks/CoreServices.framework/Versions/A/Frameworks/AE.framework/Versions/A/AE
0x000000000a8c7000 	/System/Library/Frameworks/CoreServices.framework/Versions/A/Frameworks/LaunchServices.framework/Versions/A/LaunchServices
0x000000000a8c7000 	/System/Library/Frameworks/CoreServices.framework/Versions/A/Frameworks/DictionaryServices.framework/Versions/A/DictionaryServices
0x000000000a8c7000 	/System/Library/Frameworks/CoreServices.framework/Versions/A/Frameworks/SharedFileList.framework/Versions/A/SharedFileList
0x000000000a8c7000 	/System/Library/Frameworks/NetFS.framework/Versions/A/NetFS
0x000000000a8c7000 	/System/Library/PrivateFrameworks/NetAuth.framework/Versions/A/NetAuth
0x000000000a8c7000 	/System/Library/PrivateFrameworks/login.framework/Versions/A/Frameworks/loginsupport.framework/Versions/A/loginsupport
0x000000000a8c7000 	/System/Library/PrivateFrameworks/TCC.framework/Versions/A/TCC
0x000000000a8c7000 	/System/Library/PrivateFrameworks/CoreNLP.framework/Versions/A/CoreNLP
0x000000000a8c7000 	/System/Library/PrivateFrameworks/MetadataUtilities.framework/Versions/A/MetadataUtilities
0x000000000a8c7000 	/usr/lib/libmecabra.dylib
0x000000000a8c7000 	/System/Library/Frameworks/ApplicationServices.framework/Versions/A/Frameworks/ATS.framework/Versions/A/ATS
0x000000000a8c7000 	/System/Library/Frameworks/ApplicationServices.framework/Versions/A/Frameworks/ColorSyncLegacy.framework/Versions/A/ColorSyncLegacy
0x000000000a8c7000 	/System/Library/Frameworks/ApplicationServices.framework/Versions/A/Frameworks/HIServices.framework/Versions/A/HIServices
0x000000000a8c7000 	/System/Library/Frameworks/ApplicationServices.framework/Versions/A/Frameworks/LangAnalysis.framework/Versions/A/LangAnalysis
0x000000000a8c7000 	/System/Library/Frameworks/ApplicationServices.framework/Versions/A/Frameworks/PrintCore.framework/Versions/A/PrintCore
0x000000000a8c7000 	/System/Library/Frameworks/ApplicationServices.framework/Versions/A/Frameworks/QD.framework/Versions/A/QD
0x000000000a8c7000 	/System/Library/Frameworks/ApplicationServices.framework/Versions/A/Frameworks/SpeechSynthesis.framework/Versions/A/SpeechSynthesis
0x000000000a8c7000 	/usr/lib/libcompression.dylib
0x000000000a8c7000 	/System/Library/Frameworks/CoreDisplay.framework/Versions/A/CoreDisplay
0x000000000a8c7000 	/System/Library/Frameworks/MetalPerformanceShaders.framework/Versions/A/MetalPerformanceShaders
0x000000000a8c7000 	/System/Library/Frameworks/Accelerate.framework/Versions/A/Frameworks/vImage.framework/Versions/A/vImage
0x000000000a8c7000 	/System/Library/Frameworks/Accelerate.framework/Versions/A/Frameworks/vecLib.framework/Versions/A/vecLib
0x000000000a8c7000 	/System/Library/Frameworks/Accelerate.framework/Versions/A/Frameworks/vecLib.framework/Versions/A/libvMisc.dylib
0x000000000a8c7000 	/System/Library/Frameworks/Accelerate.framework/Versions/A/Frameworks/vecLib.framework/Versions/A/libvDSP.dylib
0x000000000a8c7000 	/System/Library/Frameworks/Accelerate.framework/Versions/A/Frameworks/vecLib.framework/Versions/A/libBLAS.dylib
0x000000000a8c7000 	/System/Library/Frameworks/Accelerate.framework/Versions/A/Frameworks/vecLib.framework/Versions/A/libLAPACK.dylib
0x000000000a8c7000 	/System/Library/Frameworks/Accelerate.framework/Versions/A/Frameworks/vecLib.framework/Versions/A/libLinearAlgebra.dylib
0x000000000a8c7000 	/System/Library/Frameworks/Accelerate.framework/Versions/A/Frameworks/vecLib.framework/Versions/A/libSparseBLAS.dylib
0x000000000a8c7000 	/System/Library/Frameworks/Accelerate.framework/Versions/A/Frameworks/vecLib.framework/Versions/A/libQuadrature.dylib
0x000000000a8c7000 	/System/Library/Frameworks/Accelerate.framework/Versions/A/Frameworks/vecLib.framework/Versions/A/libBNNS.dylib
0x000000000a8c7000 	/System/Library/Frameworks/Accelerate.framework/Versions/A/Frameworks/vecLib.framework/Versions/A/libSparse.dylib
0x000000000a8c7000 	/System/Library/PrivateFrameworks/GPUWrangler.framework/Versions/A/GPUWrangler
0x000000000a8c7000 	/System/Library/PrivateFrameworks/IOAccelerator.framework/Versions/A/IOAccelerator
0x000000000a8c7000 	/System/Library/PrivateFrameworks/IOPresentment.framework/Versions/A/IOPresentment
0x000000000a8c7000 	/System/Library/PrivateFrameworks/DSExternalDisplay.framework/Versions/A/DSExternalDisplay
0x000000000a8c7000 	/System/Library/Frameworks/OpenGL.framework/Versions/A/Libraries/libCoreFSCache.dylib
0x000000000a8c7000 	/System/Library/Frameworks/MetalPerformanceShaders.framework/Frameworks/MPSCore.framework/Versions/A/MPSCore
0x000000000a8c7000 	/System/Library/Frameworks/MetalPerformanceShaders.framework/Frameworks/MPSImage.framework/Versions/A/MPSImage
0x000000000a8c7000 	/System/Library/Frameworks/MetalPerformanceShaders.framework/Frameworks/MPSNeuralNetwork.framework/Versions/A/MPSNeuralNetwork
0x000000000a8c7000 	/System/Library/Frameworks/MetalPerformanceShaders.framework/Frameworks/MPSMatrix.framework/Versions/A/MPSMatrix
0x000000000a8c7000 	/System/Library/Frameworks/MetalPerformanceShaders.framework/Frameworks/MPSRayIntersector.framework/Versions/A/MPSRayIntersector
0x000000000a8c7000 	/System/Library/PrivateFrameworks/MetalTools.framework/Versions/A/MetalTools
0x000000000a8c7000 	/System/Library/PrivateFrameworks/AggregateDictionary.framework/Versions/A/AggregateDictionary
0x000000000a8c7000 	/usr/lib/libMobileGestalt.dylib
0x000000000a8c7000 	/System/Library/Frameworks/CoreVideo.framework/Versions/A/CoreVideo
0x000000000a8c7000 	/System/Library/PrivateFrameworks/GraphVisualizer.framework/Versions/A/GraphVisualizer
0x000000000a8c7000 	/System/Library/PrivateFrameworks/FaceCore.framework/Versions/A/FaceCore
0x000000000a8c7000 	/System/Library/Frameworks/OpenCL.framework/Versions/A/OpenCL
0x000000000a8c7000 	/usr/lib/libFosl_dynamic.dylib
0x000000000a8c7000 	/System/Library/PrivateFrameworks/OTSVG.framework/Versions/A/OTSVG
0x000000000a8c7000 	/System/Library/Frameworks/ApplicationServices.framework/Versions/A/Frameworks/ATS.framework/Versions/A/Resources/libFontParser.dylib
0x000000000a8c7000 	/System/Library/Frameworks/ApplicationServices.framework/Versions/A/Frameworks/ATS.framework/Versions/A/Resources/libFontRegistry.dylib
0x000000000a8c7000 	/System/Library/Frameworks/ImageIO.framework/Versions/A/Resources/libJPEG.dylib
0x000000000a8c7000 	/System/Library/Frameworks/ImageIO.framework/Versions/A/Resources/libTIFF.dylib
0x000000000a8c7000 	/System/Library/Frameworks/ImageIO.framework/Versions/A/Resources/libPng.dylib
0x000000000a8c7000 	/System/Library/Frameworks/ImageIO.framework/Versions/A/Resources/libGIF.dylib
0x000000000a8c7000 	/System/Library/Frameworks/ImageIO.framework/Versions/A/Resources/libJP2.dylib
0x000000000a8c7000 	/System/Library/Frameworks/ImageIO.framework/Versions/A/Resources/libRadiance.dylib
0x000000000a8c7000 	/System/Library/PrivateFrameworks/AppleJPEG.framework/Versions/A/AppleJPEG
0x000000000a8c7000 	/System/Library/Frameworks/OpenGL.framework/Versions/A/Libraries/libGFXShared.dylib
0x000000000a8c7000 	/System/Library/Frameworks/OpenGL.framework/Versions/A/Libraries/libGLU.dylib
0x000000000a8c7000 	/System/Library/Frameworks/OpenGL.framework/Versions/A/Libraries/libGL.dylib
0x000000000a8c7000 	/System/Library/Frameworks/OpenGL.framework/Versions/A/Libraries/libGLImage.dylib
0x000000000a8c7000 	/System/Library/Frameworks/OpenGL.framework/Versions/A/Libraries/libCVMSPluginSupport.dylib
0x000000000a8c7000 	/System/Library/Frameworks/OpenGL.framework/Versions/A/Libraries/libCoreVMClient.dylib
0x000000000a8c7000 	/usr/lib/libcups.2.dylib
0x000000000a8c7000 	/System/Library/Frameworks/Kerberos.framework/Versions/A/Kerberos
0x000000000a8c7000 	/System/Library/Frameworks/GSS.framework/Versions/A/GSS
0x000000000a8c7000 	/usr/lib/libresolv.9.dylib
0x000000000a8c7000 	/usr/lib/libiconv.2.dylib
0x000000000a8c7000 	/System/Library/PrivateFrameworks/Heimdal.framework/Versions/A/Heimdal
0x000000000a8c7000 	/usr/lib/libheimdal-asn1.dylib
0x000000000a8c7000 	/System/Library/Frameworks/OpenDirectory.framework/Versions/A/OpenDirectory
0x000000000a8c7000 	/System/Library/PrivateFrameworks/CommonAuth.framework/Versions/A/CommonAuth
0x000000000a8c7000 	/System/Library/Frameworks/OpenDirectory.framework/Versions/A/Frameworks/CFOpenDirectory.framework/Versions/A/CFOpenDirectory
0x000000000a8c7000 	/System/Library/Frameworks/SecurityFoundation.framework/Versions/A/SecurityFoundation
0x000000000a8c7000 	/System/Library/PrivateFrameworks/APFS.framework/Versions/A/APFS
0x000000000a8c7000 	/usr/lib/libutil.dylib
0x000000000a8c7000 	/usr/lib/libcharset.1.dylib
0x000000000a8c7000 	/System/Library/PrivateFrameworks/AppleSauce.framework/Versions/A/AppleSauce
0x000000000a8c7000 	/System/Library/PrivateFrameworks/AssertionServices.framework/Versions/A/AssertionServices
0x000000000a8c7000 	/System/Library/PrivateFrameworks/BaseBoard.framework/Versions/A/BaseBoard
0x000000000a8c7000 	/usr/lib/libmecab.1.0.0.dylib
0x000000000a8c7000 	/usr/lib/libgermantok.dylib
0x000000000a8c7000 	/usr/lib/libThaiTokenizer.dylib
0x000000000a8c7000 	/usr/lib/libChineseTokenizer.dylib
0x000000000a8c7000 	/System/Library/PrivateFrameworks/LanguageModeling.framework/Versions/A/LanguageModeling
0x000000000a8c7000 	/System/Library/PrivateFrameworks/CoreEmoji.framework/Versions/A/CoreEmoji
0x000000000a8c7000 	/System/Library/PrivateFrameworks/Lexicon.framework/Versions/A/Lexicon
0x000000000a8c7000 	/System/Library/PrivateFrameworks/LinguisticData.framework/Versions/A/LinguisticData
0x000000000a8c7000 	/usr/lib/libcmph.dylib
0x000000000a8c7000 	/System/Library/Frameworks/ServiceManagement.framework/Versions/A/ServiceManagement
0x000000000a8c7000 	/System/Library/PrivateFrameworks/BackgroundTaskManagement.framework/Versions/A/BackgroundTaskManagement
0x000000000a8c7000 	/usr/lib/libxslt.1.dylib
0x000000000a8c7000 	/System/Library/Frameworks/Carbon.framework/Versions/A/Frameworks/Ink.framework/Versions/A/Ink
0x000000000a8c7000 	/System/Library/PrivateFrameworks/TextureIO.framework/Versions/A/TextureIO
0x000000000a8c7000 	/usr/lib/libate.dylib
0x000000000a8c7000 	/System/Library/PrivateFrameworks/CrashReporterSupport.framework/Versions/A/CrashReporterSupport
0x000000000a8c7000 	/System/Library/PrivateFrameworks/Sharing.framework/Versions/A/Sharing
0x000000000a8c7000 	/System/Library/PrivateFrameworks/AuthKit.framework/Versions/A/AuthKit
0x000000000a8c7000 	/System/Library/PrivateFrameworks/Apple80211.framework/Versions/A/Apple80211
0x000000000a8c7000 	/System/Library/PrivateFrameworks/CoreUtils.framework/Versions/A/CoreUtils
0x000000000a8c7000 	/System/Library/Frameworks/CoreWLAN.framework/Versions/A/CoreWLAN
0x000000000a8c7000 	/System/Library/Frameworks/IOBluetooth.framework/Versions/A/IOBluetooth
0x000000000a8c7000 	/System/Library/PrivateFrameworks/ProtocolBuffer.framework/Versions/A/ProtocolBuffer
0x000000000a8c7000 	/System/Library/PrivateFrameworks/MobileKeyBag.framework/Versions/A/MobileKeyBag
0x000000000a8c7000 	/System/Library/PrivateFrameworks/CorePhoneNumbers.framework/Versions/A/CorePhoneNumbers
0x000000000a8c7000 	/System/Library/PrivateFrameworks/AppleIDAuthSupport.framework/Versions/A/AppleIDAuthSupport
0x000000000a8c7000 	/System/Library/PrivateFrameworks/KeychainCircle.framework/Versions/A/KeychainCircle
0x000000000a8c7000 	/System/Library/PrivateFrameworks/ROCKit.framework/Versions/A/ROCKit
0x000000000a8c7000 	/System/Library/PrivateFrameworks/CoreWiFi.framework/Versions/A/CoreWiFi
0x000000000a8c7000 	/System/Library/Frameworks/CoreBluetooth.framework/Versions/A/CoreBluetooth
0x000000000a8c7000 	/System/Library/PrivateFrameworks/DebugSymbols.framework/Versions/A/DebugSymbols
0x000000000a8c7000 	/System/Library/PrivateFrameworks/CoreSymbolication.framework/Versions/A/CoreSymbolication
0x000000000a8c7000 	/System/Library/PrivateFrameworks/Symbolication.framework/Versions/A/Symbolication
0x000000000a8c7000 	/System/Library/PrivateFrameworks/SpeechRecognitionCore.framework/Versions/A/SpeechRecognitionCore
0x000000010ca00000 	/Applications/Android Studio.app/Contents/jre/jdk/Contents/Home/jre/lib/server/libjvm.dylib
0x000000000a8c7000 	/usr/lib/libstdc++.6.dylib
0x000000010d49c000 	/Applications/Android Studio.app/Contents/jre/jdk/Contents/Home/jre/lib/libverify.dylib
0x000000010d4a8000 	/Applications/Android Studio.app/Contents/jre/jdk/Contents/Home/jre/lib/libjava.dylib
0x000000010d524000 	/Applications/Android Studio.app/Contents/jre/jdk/Contents/Home/jre/lib/libzip.dylib
0x00000001230d7000 	/Applications/Android Studio.app/Contents/jre/jdk/Contents/Home/jre/lib/libnet.dylib
0x00000001230ee000 	/Applications/Android Studio.app/Contents/jre/jdk/Contents/Home/jre/lib/libnio.dylib
0x00000001230fe000 	/Users/albert/.gradle/native/25/osx-amd64/libnative-platform.dylib
0x000000012354d000 	/Applications/Android Studio.app/Contents/jre/jdk/Contents/Home/jre/lib/libmanagement.dylib

VM Arguments:
jvm_args: -Xmx1536m -Dfile.encoding=UTF-8 -Duser.country=IL -Duser.language=iw -Duser.variant 
java_command: org.gradle.launcher.daemon.bootstrap.GradleDaemon 4.10.1
java_class_path (initial): /Users/albert/.gradle/wrapper/dists/gradle-4.10.1-all/455itskqi2qtf0v2sja68alqd/gradle-4.10.1/lib/gradle-launcher-4.10.1.jar
Launcher Type: SUN_STANDARD

Environment Variables:
PATH=/Users/albert/Library/Android/sdk/tools:/Users/albert/Library/Android/sdk/platform-tools:/usr/local/bin:/usr/bin:/bin:/usr/sbin:/sbin:/usr/local/share/dotnet:~/.dotnet/tools:/Library/Frameworks/Mono.framework/Versions/Current/Commands:/Applications/Xamarin Workbooks.app/Contents/SharedSupport/path-bin
SHELL=/bin/bash

Signal Handlers:
SIGSEGV: [libjvm.dylib+0x570b99], sa_mask[0]=11111111011111110111111111111111, sa_flags=SA_ONSTACK|SA_RESTART|SA_SIGINFO
SIGBUS: [libjvm.dylib+0x570b99], sa_mask[0]=11111111011111110111111111111111, sa_flags=SA_RESTART|SA_SIGINFO
SIGFPE: [libjvm.dylib+0x461f81], sa_mask[0]=11111111011111110111111111111111, sa_flags=SA_RESTART|SA_SIGINFO
SIGPIPE: [libjvm.dylib+0x461f81], sa_mask[0]=11111111011111110111111111111111, sa_flags=SA_RESTART|SA_SIGINFO
SIGXFSZ: [libjvm.dylib+0x461f81], sa_mask[0]=11111111011111110111111111111111, sa_flags=SA_RESTART|SA_SIGINFO
SIGILL: [libjvm.dylib+0x461f81], sa_mask[0]=11111111011111110111111111111111, sa_flags=SA_RESTART|SA_SIGINFO
SIGUSR1: SIG_DFL, sa_mask[0]=00000000000000000000000000000000, sa_flags=none
SIGUSR2: [libjvm.dylib+0x462892], sa_mask[0]=00100000000000000000000000000000, sa_flags=SA_RESTART|SA_SIGINFO
SIGHUP: [libjvm.dylib+0x460a7b], sa_mask[0]=11111111011111110111111111111111, sa_flags=SA_RESTART|SA_SIGINFO
SIGINT: [libjvm.dylib+0x460a7b], sa_mask[0]=11111111011111110111111111111111, sa_flags=SA_RESTART|SA_SIGINFO
SIGTERM: [libjvm.dylib+0x460a7b], sa_mask[0]=11111111011111110111111111111111, sa_flags=SA_RESTART|SA_SIGINFO
SIGQUIT: [libjvm.dylib+0x460a7b], sa_mask[0]=11111111011111110111111111111111, sa_flags=SA_RESTART|SA_SIGINFO


---------------  S Y S T E M  ---------------

OS:Bsduname:Darwin 18.2.0 Darwin Kernel Version 18.2.0: Thu Dec 20 20:46:53 PST 2018; root:xnu-4903.241.1~1/RELEASE_X86_64 x86_64
rlimit: STACK 8192k, CORE 0k, NPROC 1418, NOFILE 10240, AS infinity
load average:1.93 2.18 1.67

CPU:total 8 (initial active 8) (4 cores per cpu, 2 threads per core) family 6 model 158 stepping 9, cmov, cx8, fxsr, mmx, sse, sse2, sse3, ssse3, sse4.1, sse4.2, popcnt, avx, avx2, aes, clmul, erms, rtm, 3dnowpref, lzcnt, ht, tsc, tscinvbit, bmi1, bmi2, adx

Memory: 4k page, physical 16777216k(300648k free)

/proc/meminfo:


vm_info: OpenJDK 64-Bit Server VM (25.152-b01) for bsd-amd64 JRE (1.8.0_152-release-1248-b01), built by "builder" with gcc 4.2.1 Compatible Apple LLVM 9.1.0 (clang-902.0.39.2)

time: Fri Mar 22 09:28:14 2019
elapsed time: 7 seconds (0d 0h 0m 7s)

